# JRE version: Java(TM) SE Runtime Environment (9.0+11) (build 9.0.4+11)
# Java VM: Java HotSpot(TM) 64-Bit Server VM (9.0.4+11, mixed mode, tiered, compressed oops, g1 gc, windows-amd64)
Heap:
 garbage-first heap   total 299008K, used 146343K [0x0000000700000000, 0x0000000700100920, 0x00000007c0000000)
  region size 1024K, 52 young (53248K), 3 survivors (3072K)
 Metaspace       used 87667K, capacity 89713K, committed 95912K, reserved 1132544K
  class space    used 11454K, capacity 11911K, committed 13224K, reserved 1048576K
GC Heap History (10 events):
Event: 12547.105 GC heap before
{Heap before GC invocations=731 (full 7):
 garbage-first heap   total 299008K, used 160114K [0x0000000700000000, 0x0000000700100920, 0x00000007c0000000)
  region size 1024K, 60 young (61440K), 4 survivors (4096K)
 Metaspace       used 87400K, capacity 89235K, committed 95528K, reserved 1132544K
  class space    used 11402K, capacity 11784K, committed 13096K, reserved 1048576K
}
Event: 12547.114 GC heap after
{Heap after GC invocations=732 (full 7):
 garbage-first heap   total 299008K, used 102837K [0x0000000700000000, 0x0000000700100920, 0x00000007c0000000)
  region size 1024K, 4 young (4096K), 4 survivors (4096K)
 Metaspace       used 87400K, capacity 89235K, committed 95528K, reserved 1132544K
  class space    used 11402K, capacity 11784K, committed 13096K, reserved 1048576K
}
Event: 12577.344 GC heap before
{Heap before GC invocations=732 (full 7):
 garbage-first heap   total 299008K, used 153013K [0x0000000700000000, 0x0000000700100920, 0x00000007c0000000)
  region size 1024K, 54 young (55296K), 4 survivors (4096K)
 Metaspace       used 87570K, capacity 89583K, committed 95912K, reserved 1132544K
  class space    used 11436K, capacity 11880K, committed 13224K, reserved 1048576K
}
Event: 12577.730 GC heap after
{Heap after GC invocations=733 (full 8):
 garbage-first heap   total 299008K, used 94489K [0x0000000700000000, 0x0000000700100920, 0x00000007c0000000)
  region size 1024K, 0 young (0K), 0 survivors (0K)
 Metaspace       used 87566K, capacity 89577K, committed 95912K, reserved 1132544K
  class space    used 11436K, capacity 11879K, committed 13224K, reserved 1048576K
}
Event: 12595.377 GC heap before
{Heap before GC invocations=733 (full 8):
 garbage-first heap   total 299008K, used 155929K [0x0000000700000000, 0x0000000700100920, 0x00000007c0000000)
  region size 1024K, 60 young (61440K), 0 survivors (0K)
 Metaspace       used 87577K, capacity 89577K, committed 95912K, reserved 1132544K
  class space    used 11436K, capacity 11879K, committed 13224K, reserved 1048576K
}
Event: 12595.383 GC heap after
{Heap after GC invocations=734 (full 8):
 garbage-first heap   total 299008K, used 95355K [0x0000000700000000, 0x0000000700100920, 0x00000007c0000000)
  region size 1024K, 1 young (1024K), 1 survivors (1024K)
 Metaspace       used 87577K, capacity 89577K, committed 95912K, reserved 1132544K
  class space    used 11436K, capacity 11879K, committed 13224K, reserved 1048576K
}
Event: 12668.171 GC heap before
{Heap before GC invocations=734 (full 8):
 garbage-first heap   total 299008K, used 155771K [0x0000000700000000, 0x0000000700100920, 0x00000007c0000000)
  region size 1024K, 60 young (61440K), 1 survivors (1024K)
 Metaspace       used 87599K, capacity 89577K, committed 95912K, reserved 1132544K
  class space    used 11436K, capacity 11879K, committed 13224K, reserved 1048576K
}
Event: 12668.179 GC heap after
{Heap after GC invocations=735 (full 8):
 garbage-first heap   total 299008K, used 95853K [0x0000000700000000, 0x0000000700100920, 0x00000007c0000000)
  region size 1024K, 2 young (2048K), 2 survivors (2048K)
 Metaspace       used 87599K, capacity 89577K, committed 95912K, reserved 1132544K
  class space    used 11436K, capacity 11879K, committed 13224K, reserved 1048576K
}
Event: 12707.634 GC heap before
{Heap before GC invocations=735 (full 8):
 garbage-first heap   total 299008K, used 155245K [0x0000000700000000, 0x0000000700100920, 0x00000007c0000000)
  region size 1024K, 60 young (61440K), 2 survivors (2048K)
 Metaspace       used 87657K, capacity 89713K, committed 95912K, reserved 1132544K
  class space    used 11453K, capacity 11911K, committed 13224K, reserved 1048576K
}
Event: 12707.640 GC heap after
{Heap after GC invocations=736 (full 8):
 garbage-first heap   total 299008K, used 97191K [0x0000000700000000, 0x0000000700100920, 0x00000007c0000000)
  region size 1024K, 3 young (3072K), 3 survivors (3072K)
 Metaspace       used 87657K, capacity 89713K, committed 95912K, reserved 1132544K
  class space    used 11453K, capacity 11911K, committed 13224K, reserved 1048576K
}

